.\Debug\Lesson37.ilk
C:\Users\Patricia Xiao\Desktop\计算机图形学大作业非真实感绘制卡通渲染\.\Debug\Lesson37.exe
C:\Users\Patricia Xiao\Desktop\计算机图形学大作业非真实感绘制卡通渲染\.\Debug\Lesson37.exe.intermediate.manifest
C:\Users\Patricia Xiao\Desktop\计算机图形学大作业非真实感绘制卡通渲染\Debug\cl.command.1.tlog
C:\Users\Patricia Xiao\Desktop\计算机图形学大作业非真实感绘制卡通渲染\Debug\CL.read.1.tlog
C:\Users\Patricia Xiao\Desktop\计算机图形学大作业非真实感绘制卡通渲染\Debug\CL.write.1.tlog
C:\USERS\PATRICIA XIAO\DESKTOP\计算机图形学大作业非真实感绘制卡通渲染\DEBUG\LESSON37.EXE
C:\USERS\PATRICIA XIAO\DESKTOP\计算机图形学大作业非真实感绘制卡通渲染\DEBUG\LESSON37.EXE.EMBED.MANIFEST
C:\USERS\PATRICIA XIAO\DESKTOP\计算机图形学大作业非真实感绘制卡通渲染\DEBUG\LESSON37.EXE.EMBED.MANIFEST.RES
C:\USERS\PATRICIA XIAO\DESKTOP\计算机图形学大作业非真实感绘制卡通渲染\DEBUG\LESSON37.EXE.INTERMEDIATE.MANIFEST
C:\USERS\PATRICIA XIAO\DESKTOP\计算机图形学大作业非真实感绘制卡通渲染\DEBUG\LESSON37.ILK
C:\USERS\PATRICIA XIAO\DESKTOP\计算机图形学大作业非真实感绘制卡通渲染\DEBUG\LESSON37.OBJ
C:\USERS\PATRICIA XIAO\DESKTOP\计算机图形学大作业非真实感绘制卡通渲染\DEBUG\LESSON37.PDB
C:\Users\Patricia Xiao\Desktop\计算机图形学大作业非真实感绘制卡通渲染\Debug\Lesson37.write.1.tlog
C:\Users\Patricia Xiao\Desktop\计算机图形学大作业非真实感绘制卡通渲染\Debug\Lesson37_manifest.rc
C:\Users\Patricia Xiao\Desktop\计算机图形学大作业非真实感绘制卡通渲染\Debug\link.6384.read.1.tlog
C:\Users\Patricia Xiao\Desktop\计算机图形学大作业非真实感绘制卡通渲染\Debug\link.6384.write.1.tlog
C:\Users\Patricia Xiao\Desktop\计算机图形学大作业非真实感绘制卡通渲染\Debug\link.6384-cvtres.read.1.tlog
C:\Users\Patricia Xiao\Desktop\计算机图形学大作业非真实感绘制卡通渲染\Debug\link.6384-cvtres.write.1.tlog
C:\Users\Patricia Xiao\Desktop\计算机图形学大作业非真实感绘制卡通渲染\Debug\link.command.1.tlog
C:\Users\Patricia Xiao\Desktop\计算机图形学大作业非真实感绘制卡通渲染\Debug\link.read.1.tlog
C:\Users\Patricia Xiao\Desktop\计算机图形学大作业非真实感绘制卡通渲染\Debug\link.write.1.tlog
C:\Users\Patricia Xiao\Desktop\计算机图形学大作业非真实感绘制卡通渲染\Debug\link-cvtres.read.1.tlog
C:\Users\Patricia Xiao\Desktop\计算机图形学大作业非真实感绘制卡通渲染\Debug\link-cvtres.write.1.tlog
C:\Users\Patricia Xiao\Desktop\计算机图形学大作业非真实感绘制卡通渲染\Debug\mt.command.1.tlog
C:\Users\Patricia Xiao\Desktop\计算机图形学大作业非真实感绘制卡通渲染\Debug\mt.read.1.tlog
C:\Users\Patricia Xiao\Desktop\计算机图形学大作业非真实感绘制卡通渲染\Debug\mt.write.1.tlog
C:\USERS\PATRICIA XIAO\DESKTOP\计算机图形学大作业非真实感绘制卡通渲染\DEBUG\NEHEGL.OBJ
C:\Users\Patricia Xiao\Desktop\计算机图形学大作业非真实感绘制卡通渲染\Debug\rc.command.1.tlog
C:\Users\Patricia Xiao\Desktop\计算机图形学大作业非真实感绘制卡通渲染\Debug\rc.read.1.tlog
C:\Users\Patricia Xiao\Desktop\计算机图形学大作业非真实感绘制卡通渲染\Debug\rc.write.1.tlog
C:\Users\Patricia Xiao\Desktop\计算机图形学大作业非真实感绘制卡通渲染\Debug\vc100.idb
C:\USERS\PATRICIA XIAO\DESKTOP\计算机图形学大作业非真实感绘制卡通渲染\DEBUG\VC100.PDB
