生成启动时间为 2014/6/29 12:38:41。
     1>项目“C:\Users\Patricia Xiao\Desktop\计算机图形学大作业非真实感绘制卡通渲染\Lesson37.vcxproj”在节点 2 上(rebuild 个目标)。
     1>_PrepareForClean:
         正在删除文件“.\Debug\Lesson37.lastbuildstate”。
       InitializeBuildStatus:
         正在创建“.\Debug\Lesson37.unsuccessfulbuild”，因为已指定“AlwaysCreate”。
       ClCompile:
         C:\Program Files (x86)\Microsoft Visual Studio 10.0\VC\bin\CL.exe /c /ZI /nologo /W3 /WX- /Od /Oy- /D WIN32 /D _DEBUG /D _WINDOWS /D _VC80_UPGRADE=0x0600 /D _MBCS /Gm /EHsc /RTC1 /MTd /GS /Gy- /fp:precise /Zc:wchar_t /Zc:forScope /Fo".\Debug\\" /Fd".\Debug\vc100.pdb" /Gd /TP /analyze- /errorReport:prompt Lesson37.cpp NeHeGL.cpp
         NeHeGL.cpp
         Lesson37.cpp
     1>c:\users\patricia xiao\desktop\计算机图形学大作业非真实感绘制卡通渲染\lesson37.cpp(207): warning C4996: 'fscanf': This function or variable may be unsafe. Consider using fscanf_s instead. To disable deprecation, use _CRT_SECURE_NO_WARNINGS. See online help for details.
                 c:\program files (x86)\microsoft visual studio 10.0\vc\include\stdio.h(253) : 参见“fscanf”的声明
     1>c:\users\patricia xiao\desktop\计算机图形学大作业非真实感绘制卡通渲染\lesson37.cpp(214): warning C4996: 'fscanf': This function or variable may be unsafe. Consider using fscanf_s instead. To disable deprecation, use _CRT_SECURE_NO_WARNINGS. See online help for details.
                 c:\program files (x86)\microsoft visual studio 10.0\vc\include\stdio.h(253) : 参见“fscanf”的声明
     1>c:\users\patricia xiao\desktop\计算机图形学大作业非真实感绘制卡通渲染\lesson37.cpp(220): warning C4996: 'fscanf': This function or variable may be unsafe. Consider using fscanf_s instead. To disable deprecation, use _CRT_SECURE_NO_WARNINGS. See online help for details.
                 c:\program files (x86)\microsoft visual studio 10.0\vc\include\stdio.h(253) : 参见“fscanf”的声明
     1>c:\users\patricia xiao\desktop\计算机图形学大作业非真实感绘制卡通渲染\lesson37.cpp(304): warning C4996: 'fscanf': This function or variable may be unsafe. Consider using fscanf_s instead. To disable deprecation, use _CRT_SECURE_NO_WARNINGS. See online help for details.
                 c:\program files (x86)\microsoft visual studio 10.0\vc\include\stdio.h(253) : 参见“fscanf”的声明
     1>c:\users\patricia xiao\desktop\计算机图形学大作业非真实感绘制卡通渲染\lesson37.cpp(309): warning C4996: 'fscanf': This function or variable may be unsafe. Consider using fscanf_s instead. To disable deprecation, use _CRT_SECURE_NO_WARNINGS. See online help for details.
                 c:\program files (x86)\microsoft visual studio 10.0\vc\include\stdio.h(253) : 参见“fscanf”的声明
     1>c:\users\patricia xiao\desktop\计算机图形学大作业非真实感绘制卡通渲染\lesson37.cpp(318): warning C4996: 'fscanf': This function or variable may be unsafe. Consider using fscanf_s instead. To disable deprecation, use _CRT_SECURE_NO_WARNINGS. See online help for details.
                 c:\program files (x86)\microsoft visual studio 10.0\vc\include\stdio.h(253) : 参见“fscanf”的声明
     1>c:\users\patricia xiao\desktop\计算机图形学大作业非真实感绘制卡通渲染\lesson37.cpp(323): warning C4996: 'fscanf': This function or variable may be unsafe. Consider using fscanf_s instead. To disable deprecation, use _CRT_SECURE_NO_WARNINGS. See online help for details.
                 c:\program files (x86)\microsoft visual studio 10.0\vc\include\stdio.h(253) : 参见“fscanf”的声明
     1>c:\users\patricia xiao\desktop\计算机图形学大作业非真实感绘制卡通渲染\lesson37.cpp(344): warning C4996: 'fscanf': This function or variable may be unsafe. Consider using fscanf_s instead. To disable deprecation, use _CRT_SECURE_NO_WARNINGS. See online help for details.
                 c:\program files (x86)\microsoft visual studio 10.0\vc\include\stdio.h(253) : 参见“fscanf”的声明
     1>c:\users\patricia xiao\desktop\计算机图形学大作业非真实感绘制卡通渲染\lesson37.cpp(350): warning C4996: 'fscanf': This function or variable may be unsafe. Consider using fscanf_s instead. To disable deprecation, use _CRT_SECURE_NO_WARNINGS. See online help for details.
                 c:\program files (x86)\microsoft visual studio 10.0\vc\include\stdio.h(253) : 参见“fscanf”的声明
     1>c:\users\patricia xiao\desktop\计算机图形学大作业非真实感绘制卡通渲染\lesson37.cpp(363): warning C4996: 'fscanf': This function or variable may be unsafe. Consider using fscanf_s instead. To disable deprecation, use _CRT_SECURE_NO_WARNINGS. See online help for details.
                 c:\program files (x86)\microsoft visual studio 10.0\vc\include\stdio.h(253) : 参见“fscanf”的声明
     1>c:\users\patricia xiao\desktop\计算机图形学大作业非真实感绘制卡通渲染\lesson37.cpp(367): warning C4996: 'sscanf': This function or variable may be unsafe. Consider using sscanf_s instead. To disable deprecation, use _CRT_SECURE_NO_WARNINGS. See online help for details.
                 c:\program files (x86)\microsoft visual studio 10.0\vc\include\stdio.h(325) : 参见“sscanf”的声明
     1>c:\users\patricia xiao\desktop\计算机图形学大作业非真实感绘制卡通渲染\lesson37.cpp(374): warning C4996: 'fscanf': This function or variable may be unsafe. Consider using fscanf_s instead. To disable deprecation, use _CRT_SECURE_NO_WARNINGS. See online help for details.
                 c:\program files (x86)\microsoft visual studio 10.0\vc\include\stdio.h(253) : 参见“fscanf”的声明
     1>c:\users\patricia xiao\desktop\计算机图形学大作业非真实感绘制卡通渲染\lesson37.cpp(381): warning C4996: 'fscanf': This function or variable may be unsafe. Consider using fscanf_s instead. To disable deprecation, use _CRT_SECURE_NO_WARNINGS. See online help for details.
                 c:\program files (x86)\microsoft visual studio 10.0\vc\include\stdio.h(253) : 参见“fscanf”的声明
     1>c:\users\patricia xiao\desktop\计算机图形学大作业非真实感绘制卡通渲染\lesson37.cpp(390): warning C4996: 'fscanf': This function or variable may be unsafe. Consider using fscanf_s instead. To disable deprecation, use _CRT_SECURE_NO_WARNINGS. See online help for details.
                 c:\program files (x86)\microsoft visual studio 10.0\vc\include\stdio.h(253) : 参见“fscanf”的声明
     1>c:\users\patricia xiao\desktop\计算机图形学大作业非真实感绘制卡通渲染\lesson37.cpp(401): warning C4996: 'sscanf': This function or variable may be unsafe. Consider using sscanf_s instead. To disable deprecation, use _CRT_SECURE_NO_WARNINGS. See online help for details.
                 c:\program files (x86)\microsoft visual studio 10.0\vc\include\stdio.h(325) : 参见“sscanf”的声明
     1>c:\users\patricia xiao\desktop\计算机图形学大作业非真实感绘制卡通渲染\lesson37.cpp(408): warning C4996: 'fscanf': This function or variable may be unsafe. Consider using fscanf_s instead. To disable deprecation, use _CRT_SECURE_NO_WARNINGS. See online help for details.
                 c:\program files (x86)\microsoft visual studio 10.0\vc\include\stdio.h(253) : 参见“fscanf”的声明
     1>c:\users\patricia xiao\desktop\计算机图形学大作业非真实感绘制卡通渲染\lesson37.cpp(415): warning C4996: 'fscanf': This function or variable may be unsafe. Consider using fscanf_s instead. To disable deprecation, use _CRT_SECURE_NO_WARNINGS. See online help for details.
                 c:\program files (x86)\microsoft visual studio 10.0\vc\include\stdio.h(253) : 参见“fscanf”的声明
     1>c:\users\patricia xiao\desktop\计算机图形学大作业非真实感绘制卡通渲染\lesson37.cpp(423): warning C4996: 'fscanf': This function or variable may be unsafe. Consider using fscanf_s instead. To disable deprecation, use _CRT_SECURE_NO_WARNINGS. See online help for details.
                 c:\program files (x86)\microsoft visual studio 10.0\vc\include\stdio.h(253) : 参见“fscanf”的声明
     1>c:\users\patricia xiao\desktop\计算机图形学大作业非真实感绘制卡通渲染\lesson37.cpp(434): warning C4996: 'sscanf': This function or variable may be unsafe. Consider using sscanf_s instead. To disable deprecation, use _CRT_SECURE_NO_WARNINGS. See online help for details.
                 c:\program files (x86)\microsoft visual studio 10.0\vc\include\stdio.h(325) : 参见“sscanf”的声明
     1>c:\users\patricia xiao\desktop\计算机图形学大作业非真实感绘制卡通渲染\lesson37.cpp(439): warning C4996: 'fscanf': This function or variable may be unsafe. Consider using fscanf_s instead. To disable deprecation, use _CRT_SECURE_NO_WARNINGS. See online help for details.
                 c:\program files (x86)\microsoft visual studio 10.0\vc\include\stdio.h(253) : 参见“fscanf”的声明
     1>c:\users\patricia xiao\desktop\计算机图形学大作业非真实感绘制卡通渲染\lesson37.cpp(443): warning C4996: 'fscanf': This function or variable may be unsafe. Consider using fscanf_s instead. To disable deprecation, use _CRT_SECURE_NO_WARNINGS. See online help for details.
                 c:\program files (x86)\microsoft visual studio 10.0\vc\include\stdio.h(253) : 参见“fscanf”的声明
     1>c:\users\patricia xiao\desktop\计算机图形学大作业非真实感绘制卡通渲染\lesson37.cpp(449): warning C4996: 'fscanf': This function or variable may be unsafe. Consider using fscanf_s instead. To disable deprecation, use _CRT_SECURE_NO_WARNINGS. See online help for details.
                 c:\program files (x86)\microsoft visual studio 10.0\vc\include\stdio.h(253) : 参见“fscanf”的声明
     1>c:\users\patricia xiao\desktop\计算机图形学大作业非真实感绘制卡通渲染\lesson37.cpp(460): warning C4996: 'sscanf': This function or variable may be unsafe. Consider using sscanf_s instead. To disable deprecation, use _CRT_SECURE_NO_WARNINGS. See online help for details.
                 c:\program files (x86)\microsoft visual studio 10.0\vc\include\stdio.h(325) : 参见“sscanf”的声明
     1>c:\users\patricia xiao\desktop\计算机图形学大作业非真实感绘制卡通渲染\lesson37.cpp(464): warning C4996: 'fscanf': This function or variable may be unsafe. Consider using fscanf_s instead. To disable deprecation, use _CRT_SECURE_NO_WARNINGS. See online help for details.
                 c:\program files (x86)\microsoft visual studio 10.0\vc\include\stdio.h(253) : 参见“fscanf”的声明
     1>c:\users\patricia xiao\desktop\计算机图形学大作业非真实感绘制卡通渲染\lesson37.cpp(468): warning C4996: 'fscanf': This function or variable may be unsafe. Consider using fscanf_s instead. To disable deprecation, use _CRT_SECURE_NO_WARNINGS. See online help for details.
                 c:\program files (x86)\microsoft visual studio 10.0\vc\include\stdio.h(253) : 参见“fscanf”的声明
     1>c:\users\patricia xiao\desktop\计算机图形学大作业非真实感绘制卡通渲染\lesson37.cpp(474): warning C4996: 'fscanf': This function or variable may be unsafe. Consider using fscanf_s instead. To disable deprecation, use _CRT_SECURE_NO_WARNINGS. See online help for details.
                 c:\program files (x86)\microsoft visual studio 10.0\vc\include\stdio.h(253) : 参见“fscanf”的声明
     1>c:\users\patricia xiao\desktop\计算机图形学大作业非真实感绘制卡通渲染\lesson37.cpp(510): warning C4996: 'fopen': This function or variable may be unsafe. Consider using fopen_s instead. To disable deprecation, use _CRT_SECURE_NO_WARNINGS. See online help for details.
                 c:\program files (x86)\microsoft visual studio 10.0\vc\include\stdio.h(234) : 参见“fopen”的声明
     1>c:\users\patricia xiao\desktop\计算机图形学大作业非真实感绘制卡通渲染\lesson37.cpp(511): warning C4996: 'fopen': This function or variable may be unsafe. Consider using fopen_s instead. To disable deprecation, use _CRT_SECURE_NO_WARNINGS. See online help for details.
                 c:\program files (x86)\microsoft visual studio 10.0\vc\include\stdio.h(234) : 参见“fopen”的声明
     1>c:\users\patricia xiao\desktop\计算机图形学大作业非真实感绘制卡通渲染\lesson37.cpp(512): warning C4996: 'fopen': This function or variable may be unsafe. Consider using fopen_s instead. To disable deprecation, use _CRT_SECURE_NO_WARNINGS. See online help for details.
                 c:\program files (x86)\microsoft visual studio 10.0\vc\include\stdio.h(234) : 参见“fopen”的声明
     1>c:\users\patricia xiao\desktop\计算机图形学大作业非真实感绘制卡通渲染\lesson37.cpp(515): warning C4996: 'fopen': This function or variable may be unsafe. Consider using fopen_s instead. To disable deprecation, use _CRT_SECURE_NO_WARNINGS. See online help for details.
                 c:\program files (x86)\microsoft visual studio 10.0\vc\include\stdio.h(234) : 参见“fopen”的声明
     1>c:\users\patricia xiao\desktop\计算机图形学大作业非真实感绘制卡通渲染\lesson37.cpp(516): warning C4996: 'fopen': This function or variable may be unsafe. Consider using fopen_s instead. To disable deprecation, use _CRT_SECURE_NO_WARNINGS. See online help for details.
                 c:\program files (x86)\microsoft visual studio 10.0\vc\include\stdio.h(234) : 参见“fopen”的声明
     1>c:\users\patricia xiao\desktop\计算机图形学大作业非真实感绘制卡通渲染\lesson37.cpp(517): warning C4996: 'fopen': This function or variable may be unsafe. Consider using fopen_s instead. To disable deprecation, use _CRT_SECURE_NO_WARNINGS. See online help for details.
                 c:\program files (x86)\microsoft visual studio 10.0\vc\include\stdio.h(234) : 参见“fopen”的声明
     1>c:\users\patricia xiao\desktop\计算机图形学大作业非真实感绘制卡通渲染\lesson37.cpp(524): warning C4996: 'fopen': This function or variable may be unsafe. Consider using fopen_s instead. To disable deprecation, use _CRT_SECURE_NO_WARNINGS. See online help for details.
                 c:\program files (x86)\microsoft visual studio 10.0\vc\include\stdio.h(234) : 参见“fopen”的声明
     1>c:\users\patricia xiao\desktop\计算机图形学大作业非真实感绘制卡通渲染\lesson37.cpp(525): warning C4996: 'fopen': This function or variable may be unsafe. Consider using fopen_s instead. To disable deprecation, use _CRT_SECURE_NO_WARNINGS. See online help for details.
                 c:\program files (x86)\microsoft visual studio 10.0\vc\include\stdio.h(234) : 参见“fopen”的声明
     1>c:\users\patricia xiao\desktop\计算机图形学大作业非真实感绘制卡通渲染\lesson37.cpp(526): warning C4996: 'fopen': This function or variable may be unsafe. Consider using fopen_s instead. To disable deprecation, use _CRT_SECURE_NO_WARNINGS. See online help for details.
                 c:\program files (x86)\microsoft visual studio 10.0\vc\include\stdio.h(234) : 参见“fopen”的声明
     1>c:\users\patricia xiao\desktop\计算机图形学大作业非真实感绘制卡通渲染\lesson37.cpp(685): warning C4996: 'fopen': This function or variable may be unsafe. Consider using fopen_s instead. To disable deprecation, use _CRT_SECURE_NO_WARNINGS. See online help for details.
                 c:\program files (x86)\microsoft visual studio 10.0\vc\include\stdio.h(234) : 参见“fopen”的声明
     1>c:\users\patricia xiao\desktop\计算机图形学大作业非真实感绘制卡通渲染\lesson37.cpp(931): warning C4996: 'fopen': This function or variable may be unsafe. Consider using fopen_s instead. To disable deprecation, use _CRT_SECURE_NO_WARNINGS. See online help for details.
                 c:\program files (x86)\microsoft visual studio 10.0\vc\include\stdio.h(234) : 参见“fopen”的声明
         正在生成代码...
       ManifestResourceCompile:
         C:\Program Files (x86)\Microsoft SDKs\Windows\v7.0A\bin\rc.exe /nologo /fo".\Debug\Lesson37.exe.embed.manifest.res" .\Debug\Lesson37_manifest.rc 
       Link:
         C:\Program Files (x86)\Microsoft Visual Studio 10.0\VC\bin\link.exe /ERRORREPORT:PROMPT /OUT:".\Debug\Lesson37.exe" /INCREMENTAL /NOLOGO odbc32.lib odbccp32.lib kernel32.lib user32.lib gdi32.lib winspool.lib comdlg32.lib advapi32.lib shell32.lib ole32.lib oleaut32.lib uuid.lib odbc32.lib odbccp32.lib /MANIFEST /ManifestFile:".\Debug\Lesson37.exe.intermediate.manifest" /MANIFESTUAC:"level='asInvoker' uiAccess='false'" /DEBUG /PDB:"C:\Users\Patricia Xiao\Desktop\计算机图形学大作业非真实感绘制卡通渲染\Debug\Lesson37.pdb" /SUBSYSTEM:WINDOWS /TLBID:1 /DYNAMICBASE /NXCOMPAT /IMPLIB:".\Debug\Lesson37.lib" /MACHINE:X86 .\Debug\Lesson37.exe.embed.manifest.res
         .\Debug\Lesson37.obj
         .\Debug\NeHeGL.obj
       Manifest:
         正在删除文件“.\Debug\Lesson37.exe.embed.manifest”。
         C:\Program Files (x86)\Microsoft SDKs\Windows\v7.0A\bin\mt.exe /nologo /verbose /out:".\Debug\Lesson37.exe.embed.manifest" /manifest .\Debug\Lesson37.exe.intermediate.manifest
         C:\Program Files (x86)\Microsoft SDKs\Windows\v7.0A\bin\rc.exe /nologo /fo".\Debug\Lesson37.exe.embed.manifest.res" .\Debug\Lesson37_manifest.rc 
       LinkEmbedManifest:
         C:\Program Files (x86)\Microsoft Visual Studio 10.0\VC\bin\link.exe /ERRORREPORT:PROMPT /OUT:".\Debug\Lesson37.exe" /INCREMENTAL /NOLOGO odbc32.lib odbccp32.lib kernel32.lib user32.lib gdi32.lib winspool.lib comdlg32.lib advapi32.lib shell32.lib ole32.lib oleaut32.lib uuid.lib odbc32.lib odbccp32.lib /MANIFEST /ManifestFile:".\Debug\Lesson37.exe.intermediate.manifest" /MANIFESTUAC:"level='asInvoker' uiAccess='false'" /DEBUG /PDB:"C:\Users\Patricia Xiao\Desktop\计算机图形学大作业非真实感绘制卡通渲染\Debug\Lesson37.pdb" /SUBSYSTEM:WINDOWS /TLBID:1 /DYNAMICBASE /NXCOMPAT /IMPLIB:".\Debug\Lesson37.lib" /MACHINE:X86 .\Debug\Lesson37.exe.embed.manifest.res
         .\Debug\Lesson37.obj
         .\Debug\NeHeGL.obj
         Lesson37.vcxproj -> C:\Users\Patricia Xiao\Desktop\计算机图形学大作业非真实感绘制卡通渲染\.\Debug\Lesson37.exe
       FinalizeBuildStatus:
         正在删除文件“.\Debug\Lesson37.unsuccessfulbuild”。
         正在对“.\Debug\Lesson37.lastbuildstate”执行 Touch 任务。
     1>已完成生成项目“C:\Users\Patricia Xiao\Desktop\计算机图形学大作业非真实感绘制卡通渲染\Lesson37.vcxproj”(rebuild 个目标)的操作。

生成成功。

已用时间 00:00:03.76
